Arguments: 
  /usr/local/bin/node /usr/share/yarn/bin/yarn.js add bootstrap@4

PATH: 
  /home/vagrant/.rbenv/shims:/home/vagrant/.rbenv/bin:/home/vagrant/.rbenv/bin:/home/vagrant/.rbenv/shims:/home/vagrant/.rbenv/bin:/home/vagrant/bin:/home/vagrant/.local/bin:/usr/local/sbin:/usr/local/bin:/usr/sbin:/usr/bin:/sbin:/bin:/usr/games:/usr/local/games:/snap/bin:/opt/yarn-1.15.2/bin

Yarn version: 
  1.9.0-20180719.1538

Node version: 
  11.12.0

Platform: 
  linux x64

Trace: 
  Error: EACCES: permission denied, scandir '/home/vagrant/.config/yarn/link'

npm manifest: 
  {
    "name": "everyleaf-exam",
    "private": true,
    "dependencies": {
      "jquery": "^3.3.1"
    }
  }

yarn manifest: 
  No manifest

Lockfile: 
  # THIS IS AN AUTOGENERATED FILE. DO NOT EDIT THIS FILE DIRECTLY.
  # yarn lockfile v1
  
  
  jquery@^3.3.1:
    version "3.3.1"
    resolved "https://registry.yarnpkg.com/jquery/-/jquery-3.3.1.tgz#958ce29e81c9790f31be7792df5d4d95fc57fbca"
